D:\work\Snappet.Task\Snappet.Task\Snappet.UI\Snappet.UI\dist\out-tsc\e2e\app.po.js
D:\work\Snappet.Task\Snappet.Task\Snappet.UI\Snappet.UI\dist\out-tsc\e2e\app.po.js.map
D:\work\Snappet.Task\Snappet.Task\Snappet.UI\Snappet.UI\dist\out-tsc\e2e\app.e2e-spec.js
D:\work\Snappet.Task\Snappet.Task\Snappet.UI\Snappet.UI\dist\out-tsc\e2e\app.e2e-spec.js.map
D:\work\Snappet.Task\Snappet.Task\Snappet.UI\Snappet.UI\dist\out-tsc\src\app\shared\pipes\shared-pipes.module.js
D:\work\Snappet.Task\Snappet.Task\Snappet.UI\Snappet.UI\dist\out-tsc\src\app\shared\pipes\shared-pipes.module.js.map
D:\work\Snappet.Task\Snappet.Task\Snappet.UI\Snappet.UI\dist\out-tsc\src\app\shared\components\header\header.component.js
D:\work\Snappet.Task\Snappet.Task\Snappet.UI\Snappet.UI\dist\out-tsc\src\app\shared\components\header\header.component.js.map
D:\work\Snappet.Task\Snappet.Task\Snappet.UI\Snappet.UI\dist\out-tsc\src\app\shared\components\sidebar\sidebar.component.js
D:\work\Snappet.Task\Snappet.Task\Snappet.UI\Snappet.UI\dist\out-tsc\src\app\shared\components\sidebar\sidebar.component.js.map
D:\work\Snappet.Task\Snappet.Task\Snappet.UI\Snappet.UI\dist\out-tsc\src\app\shared\components\index.js
D:\work\Snappet.Task\Snappet.Task\Snappet.UI\Snappet.UI\dist\out-tsc\src\app\shared\components\index.js.map
D:\work\Snappet.Task\Snappet.Task\Snappet.UI\Snappet.UI\dist\out-tsc\src\app\shared\modules\stat\stat.component.js
D:\work\Snappet.Task\Snappet.Task\Snappet.UI\Snappet.UI\dist\out-tsc\src\app\shared\modules\stat\stat.component.js.map
D:\work\Snappet.Task\Snappet.Task\Snappet.UI\Snappet.UI\dist\out-tsc\src\app\shared\modules\stat\stat.module.js
D:\work\Snappet.Task\Snappet.Task\Snappet.UI\Snappet.UI\dist\out-tsc\src\app\shared\modules\stat\stat.module.js.map
D:\work\Snappet.Task\Snappet.Task\Snappet.UI\Snappet.UI\dist\out-tsc\src\app\shared\modules\page-header\page-header.component.js
D:\work\Snappet.Task\Snappet.Task\Snappet.UI\Snappet.UI\dist\out-tsc\src\app\shared\modules\page-header\page-header.component.js.map
D:\work\Snappet.Task\Snappet.Task\Snappet.UI\Snappet.UI\dist\out-tsc\src\app\shared\modules\page-header\page-header.module.js
D:\work\Snappet.Task\Snappet.Task\Snappet.UI\Snappet.UI\dist\out-tsc\src\app\shared\modules\page-header\page-header.module.js.map
D:\work\Snappet.Task\Snappet.Task\Snappet.UI\Snappet.UI\dist\out-tsc\src\app\shared\modules\index.js
D:\work\Snappet.Task\Snappet.Task\Snappet.UI\Snappet.UI\dist\out-tsc\src\app\shared\modules\index.js.map
D:\work\Snappet.Task\Snappet.Task\Snappet.UI\Snappet.UI\dist\out-tsc\src\app\shared\guard\auth.guard.js
D:\work\Snappet.Task\Snappet.Task\Snappet.UI\Snappet.UI\dist\out-tsc\src\app\shared\guard\auth.guard.js.map
D:\work\Snappet.Task\Snappet.Task\Snappet.UI\Snappet.UI\dist\out-tsc\src\app\shared\index.js
D:\work\Snappet.Task\Snappet.Task\Snappet.UI\Snappet.UI\dist\out-tsc\src\app\shared\index.js.map
D:\work\Snappet.Task\Snappet.Task\Snappet.UI\Snappet.UI\dist\out-tsc\src\app\app-routing.module.js
D:\work\Snappet.Task\Snappet.Task\Snappet.UI\Snappet.UI\dist\out-tsc\src\app\app-routing.module.js.map
D:\work\Snappet.Task\Snappet.Task\Snappet.UI\Snappet.UI\dist\out-tsc\src\app\app.component.js
D:\work\Snappet.Task\Snappet.Task\Snappet.UI\Snappet.UI\dist\out-tsc\src\app\app.component.js.map
D:\work\Snappet.Task\Snappet.Task\Snappet.UI\Snappet.UI\dist\out-tsc\src\app\app.module.js
D:\work\Snappet.Task\Snappet.Task\Snappet.UI\Snappet.UI\dist\out-tsc\src\app\app.module.js.map
D:\work\Snappet.Task\Snappet.Task\Snappet.UI\Snappet.UI\dist\out-tsc\src\environments\environment.js
D:\work\Snappet.Task\Snappet.Task\Snappet.UI\Snappet.UI\dist\out-tsc\src\environments\environment.js.map
D:\work\Snappet.Task\Snappet.Task\Snappet.UI\Snappet.UI\dist\out-tsc\src\main.js
D:\work\Snappet.Task\Snappet.Task\Snappet.UI\Snappet.UI\dist\out-tsc\src\main.js.map
D:\work\Snappet.Task\Snappet.Task\Snappet.UI\Snappet.UI\dist\out-tsc\src\polyfills.js
D:\work\Snappet.Task\Snappet.Task\Snappet.UI\Snappet.UI\dist\out-tsc\src\polyfills.js.map
D:\work\Snappet.Task\Snappet.Task\Snappet.UI\Snappet.UI\dist\out-tsc\src\test.js
D:\work\Snappet.Task\Snappet.Task\Snappet.UI\Snappet.UI\dist\out-tsc\src\test.js.map
D:\work\Snappet.Task\Snappet.Task\Snappet.UI\Snappet.UI\dist\out-tsc\src\app\app.component.spec.js
D:\work\Snappet.Task\Snappet.Task\Snappet.UI\Snappet.UI\dist\out-tsc\src\app\app.component.spec.js.map
D:\work\Snappet.Task\Snappet.Task\Snappet.UI\Snappet.UI\dist\out-tsc\src\environments\environment.prod.js
D:\work\Snappet.Task\Snappet.Task\Snappet.UI\Snappet.UI\dist\out-tsc\src\environments\environment.prod.js.map
D:\work\Snappet.Task\Snappet.Task\Snappet.UI\Snappet.UI\dist\out-tsc\src\app\layout\layout.component.js
D:\work\Snappet.Task\Snappet.Task\Snappet.UI\Snappet.UI\dist\out-tsc\src\app\layout\layout.component.js.map
D:\work\Snappet.Task\Snappet.Task\Snappet.UI\Snappet.UI\dist\out-tsc\src\app\layout\layout-routing.module.js
D:\work\Snappet.Task\Snappet.Task\Snappet.UI\Snappet.UI\dist\out-tsc\src\app\layout\layout-routing.module.js.map
D:\work\Snappet.Task\Snappet.Task\Snappet.UI\Snappet.UI\dist\out-tsc\src\app\layout\layout.component.spec.js
D:\work\Snappet.Task\Snappet.Task\Snappet.UI\Snappet.UI\dist\out-tsc\src\app\layout\layout.component.spec.js.map
D:\work\Snappet.Task\Snappet.Task\Snappet.UI\Snappet.UI\dist\out-tsc\src\app\layout\layout.module.js
D:\work\Snappet.Task\Snappet.Task\Snappet.UI\Snappet.UI\dist\out-tsc\src\app\layout\layout.module.js.map
D:\work\Snappet.Task\Snappet.Task\Snappet.UI\Snappet.UI\dist\out-tsc\src\app\login\login.component.js
D:\work\Snappet.Task\Snappet.Task\Snappet.UI\Snappet.UI\dist\out-tsc\src\app\login\login.component.js.map
D:\work\Snappet.Task\Snappet.Task\Snappet.UI\Snappet.UI\dist\out-tsc\src\app\login\login-routing.module.js
D:\work\Snappet.Task\Snappet.Task\Snappet.UI\Snappet.UI\dist\out-tsc\src\app\login\login-routing.module.js.map
D:\work\Snappet.Task\Snappet.Task\Snappet.UI\Snappet.UI\dist\out-tsc\src\app\login\login.component.spec.js
D:\work\Snappet.Task\Snappet.Task\Snappet.UI\Snappet.UI\dist\out-tsc\src\app\login\login.component.spec.js.map
D:\work\Snappet.Task\Snappet.Task\Snappet.UI\Snappet.UI\dist\out-tsc\src\app\login\login.module.js
D:\work\Snappet.Task\Snappet.Task\Snappet.UI\Snappet.UI\dist\out-tsc\src\app\login\login.module.js.map
D:\work\Snappet.Task\Snappet.Task\Snappet.UI\Snappet.UI\dist\out-tsc\src\app\not-found\not-found.component.js
D:\work\Snappet.Task\Snappet.Task\Snappet.UI\Snappet.UI\dist\out-tsc\src\app\not-found\not-found.component.js.map
D:\work\Snappet.Task\Snappet.Task\Snappet.UI\Snappet.UI\dist\out-tsc\src\app\not-found\not-found-routing.module.js
D:\work\Snappet.Task\Snappet.Task\Snappet.UI\Snappet.UI\dist\out-tsc\src\app\not-found\not-found-routing.module.js.map
D:\work\Snappet.Task\Snappet.Task\Snappet.UI\Snappet.UI\dist\out-tsc\src\app\not-found\not-found.module.js
D:\work\Snappet.Task\Snappet.Task\Snappet.UI\Snappet.UI\dist\out-tsc\src\app\not-found\not-found.module.js.map
D:\work\Snappet.Task\Snappet.Task\Snappet.UI\Snappet.UI\dist\out-tsc\src\app\signup\signup.component.js
D:\work\Snappet.Task\Snappet.Task\Snappet.UI\Snappet.UI\dist\out-tsc\src\app\signup\signup.component.js.map
D:\work\Snappet.Task\Snappet.Task\Snappet.UI\Snappet.UI\dist\out-tsc\src\app\signup\signup-routing.module.js
D:\work\Snappet.Task\Snappet.Task\Snappet.UI\Snappet.UI\dist\out-tsc\src\app\signup\signup-routing.module.js.map
D:\work\Snappet.Task\Snappet.Task\Snappet.UI\Snappet.UI\dist\out-tsc\src\app\signup\signup.component.spec.js
D:\work\Snappet.Task\Snappet.Task\Snappet.UI\Snappet.UI\dist\out-tsc\src\app\signup\signup.component.spec.js.map
D:\work\Snappet.Task\Snappet.Task\Snappet.UI\Snappet.UI\dist\out-tsc\src\app\signup\signup.module.js
D:\work\Snappet.Task\Snappet.Task\Snappet.UI\Snappet.UI\dist\out-tsc\src\app\signup\signup.module.js.map
D:\work\Snappet.Task\Snappet.Task\Snappet.UI\Snappet.UI\dist\out-tsc\src\app\layout\blank-page\blank-page.component.js
D:\work\Snappet.Task\Snappet.Task\Snappet.UI\Snappet.UI\dist\out-tsc\src\app\layout\blank-page\blank-page.component.js.map
D:\work\Snappet.Task\Snappet.Task\Snappet.UI\Snappet.UI\dist\out-tsc\src\app\layout\blank-page\blank-page-routing.module.js
D:\work\Snappet.Task\Snappet.Task\Snappet.UI\Snappet.UI\dist\out-tsc\src\app\layout\blank-page\blank-page-routing.module.js.map
D:\work\Snappet.Task\Snappet.Task\Snappet.UI\Snappet.UI\dist\out-tsc\src\app\layout\blank-page\blank-page.component.spec.js
D:\work\Snappet.Task\Snappet.Task\Snappet.UI\Snappet.UI\dist\out-tsc\src\app\layout\blank-page\blank-page.component.spec.js.map
D:\work\Snappet.Task\Snappet.Task\Snappet.UI\Snappet.UI\dist\out-tsc\src\app\layout\blank-page\blank-page.module.js
D:\work\Snappet.Task\Snappet.Task\Snappet.UI\Snappet.UI\dist\out-tsc\src\app\layout\blank-page\blank-page.module.js.map
D:\work\Snappet.Task\Snappet.Task\Snappet.UI\Snappet.UI\dist\out-tsc\src\app\layout\bs-component\bs-component.component.js
D:\work\Snappet.Task\Snappet.Task\Snappet.UI\Snappet.UI\dist\out-tsc\src\app\layout\bs-component\bs-component.component.js.map
D:\work\Snappet.Task\Snappet.Task\Snappet.UI\Snappet.UI\dist\out-tsc\src\app\layout\bs-component\bs-component-routing.module.js
D:\work\Snappet.Task\Snappet.Task\Snappet.UI\Snappet.UI\dist\out-tsc\src\app\layout\bs-component\bs-component-routing.module.js.map
D:\work\Snappet.Task\Snappet.Task\Snappet.UI\Snappet.UI\dist\out-tsc\src\app\layout\bs-component\bs-component.component.spec.js
D:\work\Snappet.Task\Snappet.Task\Snappet.UI\Snappet.UI\dist\out-tsc\src\app\layout\bs-component\bs-component.component.spec.js.map
D:\work\Snappet.Task\Snappet.Task\Snappet.UI\Snappet.UI\dist\out-tsc\src\app\layout\bs-component\components\buttons\buttons.component.js
D:\work\Snappet.Task\Snappet.Task\Snappet.UI\Snappet.UI\dist\out-tsc\src\app\layout\bs-component\components\buttons\buttons.component.js.map
D:\work\Snappet.Task\Snappet.Task\Snappet.UI\Snappet.UI\dist\out-tsc\src\app\layout\bs-component\components\alert\alert.component.js
D:\work\Snappet.Task\Snappet.Task\Snappet.UI\Snappet.UI\dist\out-tsc\src\app\layout\bs-component\components\alert\alert.component.js.map
D:\work\Snappet.Task\Snappet.Task\Snappet.UI\Snappet.UI\dist\out-tsc\src\app\layout\bs-component\components\modal\modal.component.js
D:\work\Snappet.Task\Snappet.Task\Snappet.UI\Snappet.UI\dist\out-tsc\src\app\layout\bs-component\components\modal\modal.component.js.map
D:\work\Snappet.Task\Snappet.Task\Snappet.UI\Snappet.UI\dist\out-tsc\src\app\layout\bs-component\components\collapse\collapse.component.js
D:\work\Snappet.Task\Snappet.Task\Snappet.UI\Snappet.UI\dist\out-tsc\src\app\layout\bs-component\components\collapse\collapse.component.js.map
D:\work\Snappet.Task\Snappet.Task\Snappet.UI\Snappet.UI\dist\out-tsc\src\app\layout\bs-component\components\date-picker\date-picker.component.js
D:\work\Snappet.Task\Snappet.Task\Snappet.UI\Snappet.UI\dist\out-tsc\src\app\layout\bs-component\components\date-picker\date-picker.component.js.map
D:\work\Snappet.Task\Snappet.Task\Snappet.UI\Snappet.UI\dist\out-tsc\src\app\layout\bs-component\components\dropdown\dropdown.component.js
D:\work\Snappet.Task\Snappet.Task\Snappet.UI\Snappet.UI\dist\out-tsc\src\app\layout\bs-component\components\dropdown\dropdown.component.js.map
D:\work\Snappet.Task\Snappet.Task\Snappet.UI\Snappet.UI\dist\out-tsc\src\app\layout\bs-component\components\pagination\pagination.component.js
D:\work\Snappet.Task\Snappet.Task\Snappet.UI\Snappet.UI\dist\out-tsc\src\app\layout\bs-component\components\pagination\pagination.component.js.map
D:\work\Snappet.Task\Snappet.Task\Snappet.UI\Snappet.UI\dist\out-tsc\src\app\layout\bs-component\components\pop-over\pop-over.component.js
D:\work\Snappet.Task\Snappet.Task\Snappet.UI\Snappet.UI\dist\out-tsc\src\app\layout\bs-component\components\pop-over\pop-over.component.js.map
D:\work\Snappet.Task\Snappet.Task\Snappet.UI\Snappet.UI\dist\out-tsc\src\app\layout\bs-component\components\progressbar\progressbar.component.js
D:\work\Snappet.Task\Snappet.Task\Snappet.UI\Snappet.UI\dist\out-tsc\src\app\layout\bs-component\components\progressbar\progressbar.component.js.map
D:\work\Snappet.Task\Snappet.Task\Snappet.UI\Snappet.UI\dist\out-tsc\src\app\layout\bs-component\components\tabs\tabs.component.js
D:\work\Snappet.Task\Snappet.Task\Snappet.UI\Snappet.UI\dist\out-tsc\src\app\layout\bs-component\components\tabs\tabs.component.js.map
D:\work\Snappet.Task\Snappet.Task\Snappet.UI\Snappet.UI\dist\out-tsc\src\app\layout\bs-component\components\tooltip\tooltip.component.js
D:\work\Snappet.Task\Snappet.Task\Snappet.UI\Snappet.UI\dist\out-tsc\src\app\layout\bs-component\components\tooltip\tooltip.component.js.map
D:\work\Snappet.Task\Snappet.Task\Snappet.UI\Snappet.UI\dist\out-tsc\src\app\layout\bs-component\components\timepicker\timepicker.component.js
D:\work\Snappet.Task\Snappet.Task\Snappet.UI\Snappet.UI\dist\out-tsc\src\app\layout\bs-component\components\timepicker\timepicker.component.js.map
D:\work\Snappet.Task\Snappet.Task\Snappet.UI\Snappet.UI\dist\out-tsc\src\app\layout\bs-component\components\index.js
D:\work\Snappet.Task\Snappet.Task\Snappet.UI\Snappet.UI\dist\out-tsc\src\app\layout\bs-component\components\index.js.map
D:\work\Snappet.Task\Snappet.Task\Snappet.UI\Snappet.UI\dist\out-tsc\src\app\layout\bs-component\bs-component.module.js
D:\work\Snappet.Task\Snappet.Task\Snappet.UI\Snappet.UI\dist\out-tsc\src\app\layout\bs-component\bs-component.module.js.map
D:\work\Snappet.Task\Snappet.Task\Snappet.UI\Snappet.UI\dist\out-tsc\src\app\layout\bs-element\bs-element.component.js
D:\work\Snappet.Task\Snappet.Task\Snappet.UI\Snappet.UI\dist\out-tsc\src\app\layout\bs-element\bs-element.component.js.map
D:\work\Snappet.Task\Snappet.Task\Snappet.UI\Snappet.UI\dist\out-tsc\src\app\layout\bs-element\bs-element-routing.module.js
D:\work\Snappet.Task\Snappet.Task\Snappet.UI\Snappet.UI\dist\out-tsc\src\app\layout\bs-element\bs-element-routing.module.js.map
D:\work\Snappet.Task\Snappet.Task\Snappet.UI\Snappet.UI\dist\out-tsc\src\app\layout\bs-element\bs-element.component.spec.js
D:\work\Snappet.Task\Snappet.Task\Snappet.UI\Snappet.UI\dist\out-tsc\src\app\layout\bs-element\bs-element.component.spec.js.map
D:\work\Snappet.Task\Snappet.Task\Snappet.UI\Snappet.UI\dist\out-tsc\src\app\layout\bs-element\bs-element.module.js
D:\work\Snappet.Task\Snappet.Task\Snappet.UI\Snappet.UI\dist\out-tsc\src\app\layout\bs-element\bs-element.module.js.map
D:\work\Snappet.Task\Snappet.Task\Snappet.UI\Snappet.UI\dist\out-tsc\src\app\layout\charts\charts.component.js
D:\work\Snappet.Task\Snappet.Task\Snappet.UI\Snappet.UI\dist\out-tsc\src\app\layout\charts\charts.component.js.map
D:\work\Snappet.Task\Snappet.Task\Snappet.UI\Snappet.UI\dist\out-tsc\src\app\layout\charts\charts-routing.module.js
D:\work\Snappet.Task\Snappet.Task\Snappet.UI\Snappet.UI\dist\out-tsc\src\app\layout\charts\charts-routing.module.js.map
D:\work\Snappet.Task\Snappet.Task\Snappet.UI\Snappet.UI\dist\out-tsc\src\app\layout\charts\charts.component.spec.js
D:\work\Snappet.Task\Snappet.Task\Snappet.UI\Snappet.UI\dist\out-tsc\src\app\layout\charts\charts.component.spec.js.map
D:\work\Snappet.Task\Snappet.Task\Snappet.UI\Snappet.UI\dist\out-tsc\src\app\layout\charts\charts.module.js
D:\work\Snappet.Task\Snappet.Task\Snappet.UI\Snappet.UI\dist\out-tsc\src\app\layout\charts\charts.module.js.map
D:\work\Snappet.Task\Snappet.Task\Snappet.UI\Snappet.UI\dist\out-tsc\src\app\layout\dashboard\dashboard.component.js
D:\work\Snappet.Task\Snappet.Task\Snappet.UI\Snappet.UI\dist\out-tsc\src\app\layout\dashboard\dashboard.component.js.map
D:\work\Snappet.Task\Snappet.Task\Snappet.UI\Snappet.UI\dist\out-tsc\src\app\layout\dashboard\dashboard-routing.module.js
D:\work\Snappet.Task\Snappet.Task\Snappet.UI\Snappet.UI\dist\out-tsc\src\app\layout\dashboard\dashboard-routing.module.js.map
D:\work\Snappet.Task\Snappet.Task\Snappet.UI\Snappet.UI\dist\out-tsc\src\app\layout\dashboard\dashboard.component.spec.js
D:\work\Snappet.Task\Snappet.Task\Snappet.UI\Snappet.UI\dist\out-tsc\src\app\layout\dashboard\dashboard.component.spec.js.map
D:\work\Snappet.Task\Snappet.Task\Snappet.UI\Snappet.UI\dist\out-tsc\src\app\layout\dashboard\components\timeline\timeline.component.js
D:\work\Snappet.Task\Snappet.Task\Snappet.UI\Snappet.UI\dist\out-tsc\src\app\layout\dashboard\components\timeline\timeline.component.js.map
D:\work\Snappet.Task\Snappet.Task\Snappet.UI\Snappet.UI\dist\out-tsc\src\app\layout\dashboard\components\notification\notification.component.js
D:\work\Snappet.Task\Snappet.Task\Snappet.UI\Snappet.UI\dist\out-tsc\src\app\layout\dashboard\components\notification\notification.component.js.map
D:\work\Snappet.Task\Snappet.Task\Snappet.UI\Snappet.UI\dist\out-tsc\src\app\layout\dashboard\components\chat\chat.component.js
D:\work\Snappet.Task\Snappet.Task\Snappet.UI\Snappet.UI\dist\out-tsc\src\app\layout\dashboard\components\chat\chat.component.js.map
D:\work\Snappet.Task\Snappet.Task\Snappet.UI\Snappet.UI\dist\out-tsc\src\app\layout\dashboard\components\index.js
D:\work\Snappet.Task\Snappet.Task\Snappet.UI\Snappet.UI\dist\out-tsc\src\app\layout\dashboard\components\index.js.map
D:\work\Snappet.Task\Snappet.Task\Snappet.UI\Snappet.UI\dist\out-tsc\src\app\layout\dashboard\dashboard.module.js
D:\work\Snappet.Task\Snappet.Task\Snappet.UI\Snappet.UI\dist\out-tsc\src\app\layout\dashboard\dashboard.module.js.map
D:\work\Snappet.Task\Snappet.Task\Snappet.UI\Snappet.UI\dist\out-tsc\src\app\layout\form\form.component.js
D:\work\Snappet.Task\Snappet.Task\Snappet.UI\Snappet.UI\dist\out-tsc\src\app\layout\form\form.component.js.map
D:\work\Snappet.Task\Snappet.Task\Snappet.UI\Snappet.UI\dist\out-tsc\src\app\layout\form\form-routing.module.js
D:\work\Snappet.Task\Snappet.Task\Snappet.UI\Snappet.UI\dist\out-tsc\src\app\layout\form\form-routing.module.js.map
D:\work\Snappet.Task\Snappet.Task\Snappet.UI\Snappet.UI\dist\out-tsc\src\app\layout\form\form.component.spec.js
D:\work\Snappet.Task\Snappet.Task\Snappet.UI\Snappet.UI\dist\out-tsc\src\app\layout\form\form.component.spec.js.map
D:\work\Snappet.Task\Snappet.Task\Snappet.UI\Snappet.UI\dist\out-tsc\src\app\layout\form\form.module.js
D:\work\Snappet.Task\Snappet.Task\Snappet.UI\Snappet.UI\dist\out-tsc\src\app\layout\form\form.module.js.map
D:\work\Snappet.Task\Snappet.Task\Snappet.UI\Snappet.UI\dist\out-tsc\src\app\layout\grid\grid.component.js
D:\work\Snappet.Task\Snappet.Task\Snappet.UI\Snappet.UI\dist\out-tsc\src\app\layout\grid\grid.component.js.map
D:\work\Snappet.Task\Snappet.Task\Snappet.UI\Snappet.UI\dist\out-tsc\src\app\layout\grid\grid-routing.module.js
D:\work\Snappet.Task\Snappet.Task\Snappet.UI\Snappet.UI\dist\out-tsc\src\app\layout\grid\grid-routing.module.js.map
D:\work\Snappet.Task\Snappet.Task\Snappet.UI\Snappet.UI\dist\out-tsc\src\app\layout\grid\grid.component.spec.js
D:\work\Snappet.Task\Snappet.Task\Snappet.UI\Snappet.UI\dist\out-tsc\src\app\layout\grid\grid.component.spec.js.map
D:\work\Snappet.Task\Snappet.Task\Snappet.UI\Snappet.UI\dist\out-tsc\src\app\layout\grid\grid.module.js
D:\work\Snappet.Task\Snappet.Task\Snappet.UI\Snappet.UI\dist\out-tsc\src\app\layout\grid\grid.module.js.map
D:\work\Snappet.Task\Snappet.Task\Snappet.UI\Snappet.UI\dist\out-tsc\src\app\layout\tables\tables.component.js
D:\work\Snappet.Task\Snappet.Task\Snappet.UI\Snappet.UI\dist\out-tsc\src\app\layout\tables\tables.component.js.map
D:\work\Snappet.Task\Snappet.Task\Snappet.UI\Snappet.UI\dist\out-tsc\src\app\layout\tables\tables-routing.module.js
D:\work\Snappet.Task\Snappet.Task\Snappet.UI\Snappet.UI\dist\out-tsc\src\app\layout\tables\tables-routing.module.js.map
D:\work\Snappet.Task\Snappet.Task\Snappet.UI\Snappet.UI\dist\out-tsc\src\app\layout\tables\tables.component.spec.js
D:\work\Snappet.Task\Snappet.Task\Snappet.UI\Snappet.UI\dist\out-tsc\src\app\layout\tables\tables.component.spec.js.map
D:\work\Snappet.Task\Snappet.Task\Snappet.UI\Snappet.UI\dist\out-tsc\src\app\layout\tables\tables.module.js
D:\work\Snappet.Task\Snappet.Task\Snappet.UI\Snappet.UI\dist\out-tsc\src\app\layout\tables\tables.module.js.map
D:\work\Snappet.Task\Snappet.Task\Snappet.UI\Snappet.UI\dist\out-tsc\src\app\shared\guard\auth.guard.spec.js
D:\work\Snappet.Task\Snappet.Task\Snappet.UI\Snappet.UI\dist\out-tsc\src\app\shared\guard\auth.guard.spec.js.map
D:\work\Snappet.Task\Snappet.Task\Snappet.UI\Snappet.UI\dist\out-tsc\src\app\shared\services\index.js
D:\work\Snappet.Task\Snappet.Task\Snappet.UI\Snappet.UI\dist\out-tsc\src\app\shared\services\index.js.map
D:\work\Snappet.Task\Snappet.Task\Snappet.UI\Snappet.UI\dist\out-tsc\src\app\shared\components\header\header.component.spec.js
D:\work\Snappet.Task\Snappet.Task\Snappet.UI\Snappet.UI\dist\out-tsc\src\app\shared\components\header\header.component.spec.js.map
D:\work\Snappet.Task\Snappet.Task\Snappet.UI\Snappet.UI\dist\out-tsc\src\app\shared\components\sidebar\sidebar.component.spec.js
D:\work\Snappet.Task\Snappet.Task\Snappet.UI\Snappet.UI\dist\out-tsc\src\app\shared\components\sidebar\sidebar.component.spec.js.map
D:\work\Snappet.Task\Snappet.Task\Snappet.UI\Snappet.UI\dist\out-tsc\src\app\shared\modules\page-header\page-header.component.spec.js
D:\work\Snappet.Task\Snappet.Task\Snappet.UI\Snappet.UI\dist\out-tsc\src\app\shared\modules\page-header\page-header.component.spec.js.map
D:\work\Snappet.Task\Snappet.Task\Snappet.UI\Snappet.UI\dist\out-tsc\src\app\shared\modules\stat\stat.component.spec.js
D:\work\Snappet.Task\Snappet.Task\Snappet.UI\Snappet.UI\dist\out-tsc\src\app\shared\modules\stat\stat.component.spec.js.map
D:\work\Snappet.Task\Snappet.Task\Snappet.UI\Snappet.UI\dist\out-tsc\src\app\layout\bs-component\components\alert\alert.component.spec.js
D:\work\Snappet.Task\Snappet.Task\Snappet.UI\Snappet.UI\dist\out-tsc\src\app\layout\bs-component\components\alert\alert.component.spec.js.map
D:\work\Snappet.Task\Snappet.Task\Snappet.UI\Snappet.UI\dist\out-tsc\src\app\layout\bs-component\components\buttons\buttons.component.spec.js
D:\work\Snappet.Task\Snappet.Task\Snappet.UI\Snappet.UI\dist\out-tsc\src\app\layout\bs-component\components\buttons\buttons.component.spec.js.map
D:\work\Snappet.Task\Snappet.Task\Snappet.UI\Snappet.UI\dist\out-tsc\src\app\layout\bs-component\components\collapse\collapse.component.spec.js
D:\work\Snappet.Task\Snappet.Task\Snappet.UI\Snappet.UI\dist\out-tsc\src\app\layout\bs-component\components\collapse\collapse.component.spec.js.map
D:\work\Snappet.Task\Snappet.Task\Snappet.UI\Snappet.UI\dist\out-tsc\src\app\layout\bs-component\components\date-picker\date-picker.component.spec.js
D:\work\Snappet.Task\Snappet.Task\Snappet.UI\Snappet.UI\dist\out-tsc\src\app\layout\bs-component\components\date-picker\date-picker.component.spec.js.map
D:\work\Snappet.Task\Snappet.Task\Snappet.UI\Snappet.UI\dist\out-tsc\src\app\layout\bs-component\components\dropdown\dropdown.component.spec.js
D:\work\Snappet.Task\Snappet.Task\Snappet.UI\Snappet.UI\dist\out-tsc\src\app\layout\bs-component\components\dropdown\dropdown.component.spec.js.map
D:\work\Snappet.Task\Snappet.Task\Snappet.UI\Snappet.UI\dist\out-tsc\src\app\layout\bs-component\components\modal\modal.component.spec.js
D:\work\Snappet.Task\Snappet.Task\Snappet.UI\Snappet.UI\dist\out-tsc\src\app\layout\bs-component\components\modal\modal.component.spec.js.map
D:\work\Snappet.Task\Snappet.Task\Snappet.UI\Snappet.UI\dist\out-tsc\src\app\layout\bs-component\components\pagination\pagination.component.spec.js
D:\work\Snappet.Task\Snappet.Task\Snappet.UI\Snappet.UI\dist\out-tsc\src\app\layout\bs-component\components\pagination\pagination.component.spec.js.map
D:\work\Snappet.Task\Snappet.Task\Snappet.UI\Snappet.UI\dist\out-tsc\src\app\layout\bs-component\components\pop-over\pop-over.component.spec.js
D:\work\Snappet.Task\Snappet.Task\Snappet.UI\Snappet.UI\dist\out-tsc\src\app\layout\bs-component\components\pop-over\pop-over.component.spec.js.map
D:\work\Snappet.Task\Snappet.Task\Snappet.UI\Snappet.UI\dist\out-tsc\src\app\layout\bs-component\components\progressbar\progressbar.component.spec.js
D:\work\Snappet.Task\Snappet.Task\Snappet.UI\Snappet.UI\dist\out-tsc\src\app\layout\bs-component\components\progressbar\progressbar.component.spec.js.map
D:\work\Snappet.Task\Snappet.Task\Snappet.UI\Snappet.UI\dist\out-tsc\src\app\layout\bs-component\components\tabs\tabs.component.spec.js
D:\work\Snappet.Task\Snappet.Task\Snappet.UI\Snappet.UI\dist\out-tsc\src\app\layout\bs-component\components\tabs\tabs.component.spec.js.map
D:\work\Snappet.Task\Snappet.Task\Snappet.UI\Snappet.UI\dist\out-tsc\src\app\layout\bs-component\components\timepicker\timepicker.component.spec.js
D:\work\Snappet.Task\Snappet.Task\Snappet.UI\Snappet.UI\dist\out-tsc\src\app\layout\bs-component\components\timepicker\timepicker.component.spec.js.map
D:\work\Snappet.Task\Snappet.Task\Snappet.UI\Snappet.UI\dist\out-tsc\src\app\layout\bs-component\components\tooltip\tooltip.component.spec.js
D:\work\Snappet.Task\Snappet.Task\Snappet.UI\Snappet.UI\dist\out-tsc\src\app\layout\bs-component\components\tooltip\tooltip.component.spec.js.map
D:\work\Snappet.Task\Snappet.Task\Snappet.UI\Snappet.UI\dist\out-tsc\src\app\layout\dashboard\components\chat\chat.component.spec.js
D:\work\Snappet.Task\Snappet.Task\Snappet.UI\Snappet.UI\dist\out-tsc\src\app\layout\dashboard\components\chat\chat.component.spec.js.map
D:\work\Snappet.Task\Snappet.Task\Snappet.UI\Snappet.UI\dist\out-tsc\src\app\layout\dashboard\components\notification\notification.component.spec.js
D:\work\Snappet.Task\Snappet.Task\Snappet.UI\Snappet.UI\dist\out-tsc\src\app\layout\dashboard\components\notification\notification.component.spec.js.map
D:\work\Snappet.Task\Snappet.Task\Snappet.UI\Snappet.UI\dist\out-tsc\src\app\layout\dashboard\components\timeline\timeline.component.spec.js
D:\work\Snappet.Task\Snappet.Task\Snappet.UI\Snappet.UI\dist\out-tsc\src\app\layout\dashboard\components\timeline\timeline.component.spec.js.map
