D:\work\Snappet.Task\Snappet.Task\Snappet.UI\snappet-app\dist\out-tsc\e2e\app.po.js
D:\work\Snappet.Task\Snappet.Task\Snappet.UI\snappet-app\dist\out-tsc\e2e\app.po.js.map
D:\work\Snappet.Task\Snappet.Task\Snappet.UI\snappet-app\dist\out-tsc\e2e\app.e2e-spec.js
D:\work\Snappet.Task\Snappet.Task\Snappet.UI\snappet-app\dist\out-tsc\e2e\app.e2e-spec.js.map
D:\work\Snappet.Task\Snappet.Task\Snappet.UI\snappet-app\dist\out-tsc\src\polyfills.js
D:\work\Snappet.Task\Snappet.Task\Snappet.UI\snappet-app\dist\out-tsc\src\polyfills.js.map
D:\work\Snappet.Task\Snappet.Task\Snappet.UI\snappet-app\dist\out-tsc\src\app\app.component.js
D:\work\Snappet.Task\Snappet.Task\Snappet.UI\snappet-app\dist\out-tsc\src\app\app.component.js.map
D:\work\Snappet.Task\Snappet.Task\Snappet.UI\snappet-app\dist\out-tsc\src\app\core\AngularReduxRequestOptions.js
D:\work\Snappet.Task\Snappet.Task\Snappet.UI\snappet-app\dist\out-tsc\src\app\core\AngularReduxRequestOptions.js.map
D:\work\Snappet.Task\Snappet.Task\Snappet.UI\snappet-app\dist\out-tsc\src\app\core\HttpService.js
D:\work\Snappet.Task\Snappet.Task\Snappet.UI\snappet-app\dist\out-tsc\src\app\core\HttpService.js.map
D:\work\Snappet.Task\Snappet.Task\Snappet.UI\snappet-app\dist\out-tsc\src\app\studentdata.component\studentdata.component.js
D:\work\Snappet.Task\Snappet.Task\Snappet.UI\snappet-app\dist\out-tsc\src\app\studentdata.component\studentdata.component.js.map
D:\work\Snappet.Task\Snappet.Task\Snappet.UI\snappet-app\dist\out-tsc\src\app\core\httpServiceFactory.js
D:\work\Snappet.Task\Snappet.Task\Snappet.UI\snappet-app\dist\out-tsc\src\app\core\httpServiceFactory.js.map
D:\work\Snappet.Task\Snappet.Task\Snappet.UI\snappet-app\dist\out-tsc\src\app\app.module.js
D:\work\Snappet.Task\Snappet.Task\Snappet.UI\snappet-app\dist\out-tsc\src\app\app.module.js.map
D:\work\Snappet.Task\Snappet.Task\Snappet.UI\snappet-app\dist\out-tsc\src\environments\environment.js
D:\work\Snappet.Task\Snappet.Task\Snappet.UI\snappet-app\dist\out-tsc\src\environments\environment.js.map
D:\work\Snappet.Task\Snappet.Task\Snappet.UI\snappet-app\dist\out-tsc\src\main.js
D:\work\Snappet.Task\Snappet.Task\Snappet.UI\snappet-app\dist\out-tsc\src\main.js.map
D:\work\Snappet.Task\Snappet.Task\Snappet.UI\snappet-app\dist\out-tsc\src\test.js
D:\work\Snappet.Task\Snappet.Task\Snappet.UI\snappet-app\dist\out-tsc\src\test.js.map
D:\work\Snappet.Task\Snappet.Task\Snappet.UI\snappet-app\dist\out-tsc\src\app\app.component.spec.js
D:\work\Snappet.Task\Snappet.Task\Snappet.UI\snappet-app\dist\out-tsc\src\app\app.component.spec.js.map
D:\work\Snappet.Task\Snappet.Task\Snappet.UI\snappet-app\dist\out-tsc\src\environments\environment.prod.js
D:\work\Snappet.Task\Snappet.Task\Snappet.UI\snappet-app\dist\out-tsc\src\environments\environment.prod.js.map
